This is pdfTeX, Version 3.141592653-2.6-1.40.24 (MiKTeX 22.1) (preloaded format=pdflatex 2025.4.13)  13 OCT 2025 17:46
entering extended mode
 restricted \write18 enabled.
 file:line:error style messages enabled.
 %&-line parsing enabled.
**/Users/jakobsverrealexandersen/Documents/GRA4157-big-data/project_1/report/report.tex
(/Users/jakobsverrealexandersen/Documents/GRA4157-big-data/project_1/report/report.tex
LaTeX2e <2024-11-01> patch level 2
L3 programming layer <2025-01-18>
(/Users/jakobsverrealexandersen/Library/Application Support/MiKTeX/texmfs/install/tex/latex/base/article.cls
Document Class: article 2024/06/29 v1.4n Standard LaTeX document class
(/Users/jakobsverrealexandersen/Library/Application Support/MiKTeX/texmfs/install/tex/latex/base/size10.clo
File: size10.clo 2024/06/29 v1.4n Standard LaTeX file (size option)
)
\c@part=\count196
\c@section=\count197
\c@subsection=\count198
\c@subsubsection=\count199
\c@paragraph=\count266
\c@subparagraph=\count267
\c@figure=\count268
\c@table=\count269
\abovecaptionskip=\skip49
\belowcaptionskip=\skip50
\bibindent=\dimen141
) (/Users/jakobsverrealexandersen/Library/Application Support/MiKTeX/texmfs/install/tex/latex/graphics/graphicx.sty
Package: graphicx 2021/09/16 v1.2d Enhanced LaTeX Graphics (DPC,SPQR)
 (/Users/jakobsverrealexandersen/Library/Application Support/MiKTeX/texmfs/install/tex/latex/graphics/keyval.sty
Package: keyval 2022/05/29 v1.15 key=value parser (DPC)
\KV@toks@=\toks17
) (/Users/jakobsverrealexandersen/Library/Application Support/MiKTeX/texmfs/install/tex/latex/graphics/graphics.sty
Package: graphics 2024/08/06 v1.4g Standard LaTeX Graphics (DPC,SPQR)
 (/Users/jakobsverrealexandersen/Library/Application Support/MiKTeX/texmfs/install/tex/latex/graphics/trig.sty
Package: trig 2023/12/02 v1.11 sin cos tan (DPC)
) (/Users/jakobsverrealexandersen/Library/Application Support/MiKTeX/texmfs/install/tex/latex/graphics-cfg/graphics.cfg
File: graphics.cfg 2016/06/04 v1.11 sample graphics configuration
)
Package graphics Info: Driver file: pdftex.def on input line 106.
 (/Users/jakobsverrealexandersen/Library/Application Support/MiKTeX/texmfs/install/tex/latex/graphics-def/pdftex.def
File: pdftex.def 2024/04/13 v1.2c Graphics/color driver for pdftex
))
\Gin@req@height=\dimen142
\Gin@req@width=\dimen143
) (/Users/jakobsverrealexandersen/Library/Application Support/MiKTeX/texmfs/install/tex/latex/geometry/geometry.sty
Package: geometry 2020/01/02 v5.9 Page Geometry
 (/Users/jakobsverrealexandersen/Library/Application Support/MiKTeX/texmfs/install/tex/generic/iftex/ifvtex.sty
Package: ifvtex 2019/10/25 v1.7 ifvtex legacy package. Use iftex instead.
 (/Users/jakobsverrealexandersen/Library/Application Support/MiKTeX/texmfs/install/tex/generic/iftex/iftex.sty
Package: iftex 2024/12/12 v1.0g TeX engine tests
))
\Gm@cnth=\count270
\Gm@cntv=\count271
\c@Gm@tempcnt=\count272
\Gm@bindingoffset=\dimen144
\Gm@wd@mp=\dimen145
\Gm@odd@mp=\dimen146
\Gm@even@mp=\dimen147
\Gm@layoutwidth=\dimen148
\Gm@layoutheight=\dimen149
\Gm@layouthoffset=\dimen150
\Gm@layoutvoffset=\dimen151
\Gm@dimlist=\toks18
 (/Users/jakobsverrealexandersen/Library/Application Support/MiKTeX/texmfs/install/tex/latex/geometry/geometry.cfg)

Package geometry Warning: Over-specification in `h'-direction.
    `width' (433.62pt) is ignored.


Package geometry Warning: Over-specification in `v'-direction.
    `height' (578.15999pt) is ignored.

) (/Users/jakobsverrealexandersen/Library/Application Support/MiKTeX/texmfs/install/tex/latex/listings/listings.sty
\lst@mode=\count273
\lst@gtempboxa=\box52
\lst@token=\toks19
\lst@length=\count274
\lst@currlwidth=\dimen152
\lst@column=\count275
\lst@pos=\count276
\lst@lostspace=\dimen153
\lst@width=\dimen154
\lst@newlines=\count277
\lst@lineno=\count278
\lst@maxwidth=\dimen155
 (/Users/jakobsverrealexandersen/Library/Application Support/MiKTeX/texmfs/install/tex/latex/listings/lstpatch.sty
File: lstpatch.sty 2024/09/23 1.10c (Carsten Heinz)
) (/Users/jakobsverrealexandersen/Library/Application Support/MiKTeX/texmfs/install/tex/latex/listings/lstmisc.sty
File: lstmisc.sty 2024/09/23 1.10c (Carsten Heinz)
\c@lstnumber=\count279
\lst@skipnumbers=\count280
\lst@framebox=\box53
) (/Users/jakobsverrealexandersen/Library/Application Support/MiKTeX/texmfs/install/tex/latex/listings/listings.cfg
File: listings.cfg 2024/09/23 1.10c listings configuration
))
Package: listings 2024/09/23 1.10c (Carsten Heinz)
 (/Users/jakobsverrealexandersen/Library/Application Support/MiKTeX/texmfs/install/tex/latex/hyperref/hyperref.sty
Package: hyperref 2024-11-05 v7.01l Hypertext links for LaTeX
 (/Users/jakobsverrealexandersen/Library/Application Support/MiKTeX/texmfs/install/tex/latex/kvsetkeys/kvsetkeys.sty
Package: kvsetkeys 2022-10-05 v1.19 Key value parser (HO)
) (/Users/jakobsverrealexandersen/Library/Application Support/MiKTeX/texmfs/install/tex/generic/kvdefinekeys/kvdefinekeys.sty
Package: kvdefinekeys 2019-12-19 v1.6 Define keys (HO)
) (/Users/jakobsverrealexandersen/Library/Application Support/MiKTeX/texmfs/install/tex/generic/pdfescape/pdfescape.sty
Package: pdfescape 2019/12/09 v1.15 Implements pdfTeX's escape features (HO)
 (/Users/jakobsverrealexandersen/Library/Application Support/MiKTeX/texmfs/install/tex/generic/ltxcmds/ltxcmds.sty
Package: ltxcmds 2023-12-04 v1.26 LaTeX kernel commands for general use (HO)
) (/Users/jakobsverrealexandersen/Library/Application Support/MiKTeX/texmfs/install/tex/generic/pdftexcmds/pdftexcmds.sty
Package: pdftexcmds 2020-06-27 v0.33 Utility functions of pdfTeX for LuaTeX (HO)
 (/Users/jakobsverrealexandersen/Library/Application Support/MiKTeX/texmfs/install/tex/generic/infwarerr/infwarerr.sty
Package: infwarerr 2019/12/03 v1.5 Providing info/warning/error messages (HO)
)
Package pdftexcmds Info: \pdf@primitive is available.
Package pdftexcmds Info: \pdf@ifprimitive is available.
Package pdftexcmds Info: \pdfdraftmode found.
)) (/Users/jakobsverrealexandersen/Library/Application Support/MiKTeX/texmfs/install/tex/latex/hycolor/hycolor.sty
Package: hycolor 2020-01-27 v1.10 Color options for hyperref/bookmark (HO)
) (/Users/jakobsverrealexandersen/Library/Application Support/MiKTeX/texmfs/install/tex/latex/hyperref/nameref.sty
Package: nameref 2023-11-26 v2.56 Cross-referencing by name of section
 (/Users/jakobsverrealexandersen/Library/Application Support/MiKTeX/texmfs/install/tex/latex/refcount/refcount.sty
Package: refcount 2019/12/15 v3.6 Data extraction from label references (HO)
) (/Users/jakobsverrealexandersen/Library/Application Support/MiKTeX/texmfs/install/tex/generic/gettitlestring/gettitlestring.sty
Package: gettitlestring 2019/12/15 v1.6 Cleanup title references (HO)
 (/Users/jakobsverrealexandersen/Library/Application Support/MiKTeX/texmfs/install/tex/latex/kvoptions/kvoptions.sty
Package: kvoptions 2022-06-15 v3.15 Key value format for package options (HO)
))
\c@section@level=\count281
) (/Users/jakobsverrealexandersen/Library/Application Support/MiKTeX/texmfs/install/tex/latex/etoolbox/etoolbox.sty
Package: etoolbox 2025/02/11 v2.5l e-TeX tools for LaTeX (JAW)
\etb@tempcnta=\count282
) (/Users/jakobsverrealexandersen/Library/Application Support/MiKTeX/texmfs/install/tex/generic/stringenc/stringenc.sty
Package: stringenc 2019/11/29 v1.12 Convert strings between diff. encodings (HO)
)
\@linkdim=\dimen156
\Hy@linkcounter=\count283
\Hy@pagecounter=\count284
 (/Users/jakobsverrealexandersen/Library/Application Support/MiKTeX/texmfs/install/tex/latex/hyperref/pd1enc.def
File: pd1enc.def 2024-11-05 v7.01l Hyperref: PDFDocEncoding definition (HO)
Now handling font encoding PD1 ...
... no UTF-8 mapping file for font encoding PD1
) (/Users/jakobsverrealexandersen/Library/Application Support/MiKTeX/texmfs/install/tex/generic/intcalc/intcalc.sty
Package: intcalc 2019/12/15 v1.3 Expandable calculations with integers (HO)
)
\Hy@SavedSpaceFactor=\count285
 (/Users/jakobsverrealexandersen/Library/Application Support/MiKTeX/texmfs/install/tex/latex/hyperref/puenc.def
File: puenc.def 2024-11-05 v7.01l Hyperref: PDF Unicode definition (HO)
Now handling font encoding PU ...
... no UTF-8 mapping file for font encoding PU
)
Package hyperref Info: Hyper figures OFF on input line 4157.
Package hyperref Info: Link nesting OFF on input line 4162.
Package hyperref Info: Hyper index ON on input line 4165.
Package hyperref Info: Plain pages OFF on input line 4172.
Package hyperref Info: Backreferencing OFF on input line 4177.
Package hyperref Info: Implicit mode ON; LaTeX internals redefined.
Package hyperref Info: Bookmarks ON on input line 4424.
\c@Hy@tempcnt=\count286
 (/Users/jakobsverrealexandersen/Library/Application Support/MiKTeX/texmfs/install/tex/latex/url/url.sty
\Urlmuskip=\muskip17
Package: url 2013/09/16  ver 3.4  Verb mode for urls, etc.
)
LaTeX Info: Redefining \url on input line 4763.
\XeTeXLinkMargin=\dimen157
 (/Users/jakobsverrealexandersen/Library/Application Support/MiKTeX/texmfs/install/tex/generic/bitset/bitset.sty
Package: bitset 2019/12/09 v1.3 Handle bit-vector datatype (HO)
 (/Users/jakobsverrealexandersen/Library/Application Support/MiKTeX/texmfs/install/tex/generic/bigintcalc/bigintcalc.sty
Package: bigintcalc 2019/12/15 v1.5 Expandable calculations on big integers (HO)
))
\Fld@menulength=\count287
\Field@Width=\dimen158
\Fld@charsize=\dimen159
Package hyperref Info: Hyper figures OFF on input line 6042.
Package hyperref Info: Link nesting OFF on input line 6047.
Package hyperref Info: Hyper index ON on input line 6050.
Package hyperref Info: backreferencing OFF on input line 6057.
Package hyperref Info: Link coloring OFF on input line 6062.
Package hyperref Info: Link coloring with OCG OFF on input line 6067.
Package hyperref Info: PDF/A mode OFF on input line 6072.
 (/Users/jakobsverrealexandersen/Library/Application Support/MiKTeX/texmfs/install/tex/latex/base/atbegshi-ltx.sty
Package: atbegshi-ltx 2021/01/10 v1.0c Emulation of the original atbegshi
package with kernel methods
)
\Hy@abspage=\count288
\c@Item=\count289
\c@Hfootnote=\count290
)
Package hyperref Info: Driver (autodetected): hpdftex.
 (/Users/jakobsverrealexandersen/Library/Application Support/MiKTeX/texmfs/install/tex/latex/hyperref/hpdftex.def
File: hpdftex.def 2024-11-05 v7.01l Hyperref driver for pdfTeX
 (/Users/jakobsverrealexandersen/Library/Application Support/MiKTeX/texmfs/install/tex/latex/base/atveryend-ltx.sty
Package: atveryend-ltx 2020/08/19 v1.0a Emulation of the original atveryend package
with kernel methods
)
\Fld@listcount=\count291
\c@bookmark@seq@number=\count292
 (/Users/jakobsverrealexandersen/Library/Application Support/MiKTeX/texmfs/install/tex/latex/rerunfilecheck/rerunfilecheck.sty
Package: rerunfilecheck 2022-07-10 v1.10 Rerun checks for auxiliary files (HO)
 (/Users/jakobsverrealexandersen/Library/Application Support/MiKTeX/texmfs/install/tex/generic/uniquecounter/uniquecounter.sty
Package: uniquecounter 2019/12/15 v1.4 Provide unlimited unique counter (HO)
)
Package uniquecounter Info: New unique counter `rerunfilecheck' on input line 285.
)
\Hy@SectionHShift=\skip51
) (/Users/jakobsverrealexandersen/Library/Application Support/MiKTeX/texmfs/install/tex/latex/float/float.sty
Package: float 2001/11/08 v1.3d Float enhancements (AL)
\c@float@type=\count293
\float@exts=\toks20
\float@box=\box54
\@float@everytoks=\toks21
\@floatcapt=\box55
) (/Users/jakobsverrealexandersen/Library/Application Support/MiKTeX/texmfs/install/tex/latex/parskip/parskip.sty
Package: parskip 2021-03-14 v2.0h non-zero parskip adjustments
) (/Users/jakobsverrealexandersen/Library/Application Support/MiKTeX/texmfs/install/tex/latex/minted/minted.sty
Package: minted 2025/03/06 v3.6.0 Yet another Pygments shim for LaTeX
 (/Users/jakobsverrealexandersen/Library/Application Support/MiKTeX/texmfs/install/tex/generic/catchfile/catchfile.sty
Package: catchfile 2019/12/09 v1.8 Catch the contents of a file (HO)
 (/Users/jakobsverrealexandersen/Library/Application Support/MiKTeX/texmfs/install/tex/generic/etexcmds/etexcmds.sty
Package: etexcmds 2019/12/15 v1.7 Avoid name clashes with e-TeX commands (HO)
)) (/Users/jakobsverrealexandersen/Library/Application Support/MiKTeX/texmfs/install/tex/latex/fvextra/fvextra.sty
Package: fvextra 2025/03/04 v1.12.0 fvextra - extensions and patches for fancyvrb
 (/Users/jakobsverrealexandersen/Library/Application Support/MiKTeX/texmfs/install/tex/latex/fancyvrb/fancyvrb.sty
Package: fancyvrb 2024/01/20 4.5c verbatim text (tvz,hv)
\FV@CodeLineNo=\count294
\FV@InFile=\read2
\FV@TabBox=\box56
\c@FancyVerbLine=\count295
\FV@StepNumber=\count296
\FV@OutFile=\write3
) (/Users/jakobsverrealexandersen/Library/Application Support/MiKTeX/texmfs/install/tex/latex/upquote/upquote.sty
Package: upquote 2012/04/19 v1.3 upright-quote and grave-accent glyphs in verbatim
) (/Users/jakobsverrealexandersen/Library/Application Support/MiKTeX/texmfs/install/tex/latex/lineno/lineno.sty
Package: lineno 2025/01/29 line numbers on paragraphs v5.4
\linenopenalty=\count297
\output=\toks22
\linenoprevgraf=\count298
\linenumbersep=\dimen160
\linenumberwidth=\dimen161
\c@linenumber=\count299
\c@pagewiselinenumber=\count300
\c@LN@truepage=\count301
\c@internallinenumber=\count302
\c@internallinenumbers=\count303
\quotelinenumbersep=\dimen162
\bframerule=\dimen163
\bframesep=\dimen164
\bframebox=\box57
LaTeX Info: Redefining \\ on input line 3187.
)
\c@FancyVerbWriteLine=\count304
\c@FancyVerbBufferLine=\count305
\c@FV@TrueTabGroupLevel=\count306
\c@FV@TrueTabCounter=\count307
\FV@TabBox@Group=\box58
\FV@bgcolorstructbox=\box59
\FV@TmpLength=\skip52
\c@FV@HighlightLinesStart=\count308
\c@FV@HighlightLinesStop=\count309
\FV@LoopCount=\count310
\FV@NCharsBox=\box60
\FV@BreakIndent=\dimen165
\FV@BreakIndentNChars=\count311
\FV@BreakSymbolSepLeft=\dimen166
\FV@BreakSymbolSepLeftNChars=\count312
\FV@BreakSymbolSepRight=\dimen167
\FV@BreakSymbolSepRightNChars=\count313
\FV@BreakSymbolIndentLeft=\dimen168
\FV@BreakSymbolIndentLeftNChars=\count314
\FV@BreakSymbolIndentRight=\dimen169
\FV@BreakSymbolIndentRightNChars=\count315
\c@FancyVerbLineBreakLast=\count316
\FV@LineBox=\box61
\FV@LineIndentBox=\box62
\c@FV@BreakBufferDepth=\count317
\FV@LineWidth=\dimen170
) (/Users/jakobsverrealexandersen/Library/Application Support/MiKTeX/texmfs/install/tex/latex/latex2pydata/latex2pydata.sty
Package: latex2pydata 2025/03/26 v0.6.0 latex2pydata - write data to file in Python literal format
) (/Users/jakobsverrealexandersen/Library/Application Support/MiKTeX/texmfs/install/tex/latex/pgf/utilities/pgfkeys.sty (/Users/jakobsverrealexandersen/Library/Application Support/MiKTeX/texmfs/install/tex/generic/pgf/utilities/pgfkeys.code.tex
\pgfkeys@pathtoks=\toks23
\pgfkeys@temptoks=\toks24
 (/Users/jakobsverrealexandersen/Library/Application Support/MiKTeX/texmfs/install/tex/generic/pgf/utilities/pgfkeyslibraryfiltered.code.tex
\pgfkeys@tmptoks=\toks25
))) (/Users/jakobsverrealexandersen/Library/Application Support/MiKTeX/texmfs/install/tex/latex/pgfopts/pgfopts.sty
Package: pgfopts 2014/07/10 v2.1a LaTeX package options with pgfkeys
\pgfopts@list@add@a@toks=\toks26
\pgfopts@list@add@b@toks=\toks27
) (/Users/jakobsverrealexandersen/Library/Application Support/MiKTeX/texmfs/install/tex/latex/tools/shellesc.sty
Package: shellesc 2023/07/08 v1.0d unified shell escape interface for LaTeX
Package shellesc Info: Restricted shell escape enabled on input line 77.
)
\c@minted@FancyVerbLineTemp=\count318
\@float@every@listing=\toks28
\c@listing=\count319
) (/Users/jakobsverrealexandersen/Library/Application Support/MiKTeX/texmfs/install/tex/latex/fontawesome/fontawesome.sty
Package: fontawesome 2016/05/15 v4.6.3.1 font awesome icons
 (/Users/jakobsverrealexandersen/Library/Application Support/MiKTeX/texmfs/install/tex/generic/iftex/ifxetex.sty
Package: ifxetex 2019/10/25 v0.7 ifxetex legacy package. Use iftex instead.
) (/Users/jakobsverrealexandersen/Library/Application Support/MiKTeX/texmfs/install/tex/generic/iftex/ifluatex.sty
Package: ifluatex 2019/10/25 v1.5 ifluatex legacy package. Use iftex instead.
) (/Users/jakobsverrealexandersen/Library/Application Support/MiKTeX/texmfs/install/tex/latex/fontawesome/fontawesomesymbols-generic.tex) (/Users/jakobsverrealexandersen/Library/Application Support/MiKTeX/texmfs/install/tex/latex/fontawesome/fontawesomesymbols-pdftex.tex)) (/Users/jakobsverrealexandersen/Library/Application Support/MiKTeX/texmfs/install/tex/latex/xcolor/xcolor.sty
Package: xcolor 2024/09/29 v3.02 LaTeX color extensions (UK)
 (/Users/jakobsverrealexandersen/Library/Application Support/MiKTeX/texmfs/install/tex/latex/graphics-cfg/color.cfg
File: color.cfg 2016/01/02 v1.6 sample color configuration
)
Package xcolor Info: Driver file: pdftex.def on input line 274.
 (/Users/jakobsverrealexandersen/Library/Application Support/MiKTeX/texmfs/install/tex/latex/graphics/mathcolor.ltx)
Package xcolor Info: Model `cmy' substituted by `cmy0' on input line 1349.
Package xcolor Info: Model `hsb' substituted by `rgb' on input line 1353.
Package xcolor Info: Model `RGB' extended on input line 1365.
Package xcolor Info: Model `HTML' substituted by `rgb' on input line 1367.
Package xcolor Info: Model `Hsb' substituted by `hsb' on input line 1368.
Package xcolor Info: Model `tHsb' substituted by `hsb' on input line 1369.
Package xcolor Info: Model `HSB' substituted by `hsb' on input line 1370.
Package xcolor Info: Model `Gray' substituted by `gray' on input line 1371.
Package xcolor Info: Model `wave' substituted by `hsb' on input line 1372.
) (/Users/jakobsverrealexandersen/Library/Application Support/MiKTeX/texmfs/install/tex/latex/l3backend/l3backend-pdftex.def
File: l3backend-pdftex.def 2024-05-08 L3 backend support: PDF output (pdfTeX)
\l__color_backend_stack_int=\count320
\l__pdf_internal_box=\box63
)
No file report.aux.
\openout1 = `report.aux'.

LaTeX Font Info:    Checking defaults for OML/cmm/m/it on input line 19.
LaTeX Font Info:    ... okay on input line 19.
LaTeX Font Info:    Checking defaults for OMS/cmsy/m/n on input line 19.
LaTeX Font Info:    ... okay on input line 19.
LaTeX Font Info:    Checking defaults for OT1/cmr/m/n on input line 19.
LaTeX Font Info:    ... okay on input line 19.
LaTeX Font Info:    Checking defaults for T1/cmr/m/n on input line 19.
LaTeX Font Info:    ... okay on input line 19.
LaTeX Font Info:    Checking defaults for TS1/cmr/m/n on input line 19.
LaTeX Font Info:    ... okay on input line 19.
LaTeX Font Info:    Checking defaults for OMX/cmex/m/n on input line 19.
LaTeX Font Info:    ... okay on input line 19.
LaTeX Font Info:    Checking defaults for U/cmr/m/n on input line 19.
LaTeX Font Info:    ... okay on input line 19.
LaTeX Font Info:    Checking defaults for PD1/pdf/m/n on input line 19.
LaTeX Font Info:    ... okay on input line 19.
LaTeX Font Info:    Checking defaults for PU/pdf/m/n on input line 19.
LaTeX Font Info:    ... okay on input line 19.
(/Users/jakobsverrealexandersen/Library/Application Support/MiKTeX/texmfs/install/tex/context/base/mkii/supp-pdf.mkii
[Loading MPS to PDF converter (version 2006.09.02).]
\scratchcounter=\count321
\scratchdimen=\dimen171
\scratchbox=\box64
\nofMPsegments=\count322
\nofMParguments=\count323
\everyMPshowfont=\toks29
\MPscratchCnt=\count324
\MPscratchDim=\dimen172
\MPnumerator=\count325
\makeMPintoPDFobject=\count326
\everyMPtoPDFconversion=\toks30
) (/Users/jakobsverrealexandersen/Library/Application Support/MiKTeX/texmfs/install/tex/latex/epstopdf-pkg/epstopdf-base.sty
Package: epstopdf-base 2020-01-24 v2.11 Base part for package epstopdf
Package epstopdf-base Info: Redefining graphics rule for `.eps' on input line 485.
 (/Users/jakobsverrealexandersen/Library/Application Support/MiKTeX/texmfs/install/tex/latex/00miktex/epstopdf-sys.cfg
File: epstopdf-sys.cfg 2021/03/18 v2.0 Configuration of epstopdf for MiKTeX
))
*geometry* driver: auto-detecting
*geometry* detected driver: pdftex
*geometry* verbose mode - [ preamble ] result:
* driver: pdftex
* paper: a4paper
* layout: <same size as paper>
* layoutoffset:(h,v)=(0.0pt,0.0pt)
* modes: 
* h-part:(L,W,R)=(72.26999pt, 452.9679pt, 72.26999pt)
* v-part:(T,H,B)=(72.26999pt, 700.50687pt, 72.26999pt)
* \paperwidth=597.50787pt
* \paperheight=845.04684pt
* \textwidth=452.9679pt
* \textheight=700.50687pt
* \oddsidemargin=0.0pt
* \evensidemargin=0.0pt
* \topmargin=-37.0pt
* \headheight=12.0pt
* \headsep=25.0pt
* \topskip=10.0pt
* \footskip=30.0pt
* \marginparwidth=65.0pt
* \marginparsep=11.0pt
* \columnsep=10.0pt
* \skip\footins=9.0pt plus 4.0pt minus 2.0pt
* \hoffset=0.0pt
* \voffset=0.0pt
* \mag=1000
* \@twocolumnfalse
* \@twosidefalse
* \@mparswitchfalse
* \@reversemarginfalse
* (1in=72.27pt=25.4mm, 1cm=28.453pt)

(/Users/jakobsverrealexandersen/Library/Application Support/MiKTeX/texmfs/install/tex/latex/base/textcomp.sty
Package: textcomp 2024/04/24 v2.1b Standard LaTeX package
)
\c@lstlisting=\count327
Package hyperref Info: Link coloring OFF on input line 19.
\@outlinefile=\write4
\openout4 = `report.out'.

LaTeX Font Info:    External font `cmex10' loaded for size
(Font)              <12> on input line 23.
LaTeX Font Info:    External font `cmex10' loaded for size
(Font)              <8> on input line 23.
LaTeX Font Info:    External font `cmex10' loaded for size
(Font)              <6> on input line 23.

/Users/jakobsverrealexandersen/Documents/GRA4157-big-data/project_1/report/report.tex:23: Extra alignment tab has been changed to \cr.
<recently read> \endtemplate 
                             
l.23 \thispagestyle
                   {empty}
You have given more \span or & marks than there were
in the preamble to the \halign or \valign now in progress.
So I'll assume that you meant to type \cr instead.

<ugle.png, id=3, 578.16pt x 573.14125pt>
File: ugle.png Graphic file (type png)
<use ugle.png>
Package pdftex.def Info: ugle.png  used on input line 29.
(pdftex.def)             Requested size: 226.48395pt x 224.51242pt.

Underfull \hbox (badness 10000) in paragraph at lines 25--30

 []


Underfull \hbox (badness 10000) in paragraph at lines 25--30

 []



[1

{/Users/jakobsverrealexandersen/Library/Application Support/MiKTeX/texmfs/data/fonts/map/pdftex/pdftex.map} <./ugle.png>]
LaTeX Font Info:    Trying to load font information for U+fontawesometwo on input line 36.
 (/Users/jakobsverrealexandersen/Library/Application Support/MiKTeX/texmfs/install/tex/latex/fontawesome/ufontawesometwo.fd
File: ufontawesometwo.fd 2016/05/22 Font definitions for U/fontawesometwo.
)
Overfull \hbox (5.03294pt too wide) in paragraph at lines 46--47
[]\OT1/cmr/m/n/10 Finally, in the third part, we were tasked with ad-dress-ing a cor-rupted dataset con-tain-ing out-of-distribution
 []

<distribution.png, id=12, 573.14125pt x 442.65375pt>
File: distribution.png Graphic file (type png)
<use distribution.png>
Package pdftex.def Info: distribution.png  used on input line 65.
(pdftex.def)             Requested size: 452.9679pt x 349.84796pt.


[2]

[3 <./distribution.png>]
<tsne.png, id=27, 856.19875pt x 549.05125pt>
File: tsne.png Graphic file (type png)
<use tsne.png>
Package pdftex.def Info: tsne.png  used on input line 74.
(pdftex.def)             Requested size: 452.9679pt x 290.46797pt.


[4 <./tsne.png>]
<smote_pics.png, id=34, 10027.4625pt x 7007.17876pt>
File: smote_pics.png Graphic file (type png)
<use smote_pics.png>
Package pdftex.def Info: smote_pics.png  used on input line 110.
(pdftex.def)             Requested size: 339.72592pt x 237.36418pt.


[5 <./smote_pics.png>]
LaTeX Font Info:    External font `cmex10' loaded for size
(Font)              <7> on input line 129.
LaTeX Font Info:    External font `cmex10' loaded for size
(Font)              <5> on input line 129.
LaTeX Font Info:    Font shape `OT1/cmtt/bx/n' in size <10> not available
(Font)              Font shape `OT1/cmtt/m/n' tried instead on input line 167.


[6
pdfTeX warning (ext4): destination with the same identifier (name{table.1}) has been already used, duplicate ignored
<argument> ...shipout:D \box_use:N \l_shipout_box 
                                                  \__shipout_drop_firstpage_...
l.204 \newpage
              
pdfTeX warning (ext4): destination with the same identifier (name{table.2}) has been already used, duplicate ignored
<argument> ...shipout:D \box_use:N \l_shipout_box 
                                                  \__shipout_drop_firstpage_...
l.204 \newpage
              ]

[7
pdfTeX warning (ext4): destination with the same identifier (name{table.3}) has been already used, duplicate ignored
<argument> ...shipout:D \box_use:N \l_shipout_box 
                                                  \__shipout_drop_firstpage_...
l.258 
      
pdfTeX warning (ext4): destination with the same identifier (name{table.4}) has been already used, duplicate ignored
<argument> ...shipout:D \box_use:N \l_shipout_box 
                                                  \__shipout_drop_firstpage_...
l.258 
      ]

[8
pdfTeX warning (ext4): destination with the same identifier (name{table.5}) has been already used, duplicate ignored
<argument> ...shipout:D \box_use:N \l_shipout_box 
                                                  \__shipout_drop_firstpage_...
l.305 \newpage
              ]
<ood_images.png, id=77, 10027.4625pt x 9280.6725pt>
File: ood_images.png Graphic file (type png)
<use ood_images.png>
Package pdftex.def Info: ood_images.png  used on input line 319.
(pdftex.def)             Requested size: 339.72592pt x 314.37749pt.


[9 <./ood_images.png>]

LaTeX Warning: Command \L invalid in math mode on input line 349.



[10] (report.aux)
 ***********
LaTeX2e <2024-11-01> patch level 2
L3 programming layer <2025-01-18>
 ***********


Package rerunfilecheck Warning: File `report.out' has changed.
(rerunfilecheck)                Rerun to get outlines right
(rerunfilecheck)                or use package `bookmark'.

Package rerunfilecheck Info: Checksums for `report.out':
(rerunfilecheck)             Before: <no file>
(rerunfilecheck)             After:  1BC7315EDA14C690CF21C43223B6F1DE;2493.
 ) 
Here is how much of TeX's memory you used:
 16634 strings out of 473530
 318583 string characters out of 5697419
 831621 words of memory out of 5000000
 39647 multiletter control sequences out of 15000+600000
 563911 words of font info for 53 fonts, out of 8000000 for 9000
 1141 hyphenation exceptions out of 8191
 75i,9n,79p,1133b,473s stack positions out of 10000i,1000n,20000p,200000b,200000s
 </Users/jakobsverrealexandersen/Library/Application Support/MiKTeX/texmfs/data/fonts/pk/ljfour/jknappen/ec/dpi600/tcrm1000.pk>{/Users/jakobsverrealexandersen/Library/Application Support/MiKTeX/texmfs/install/fonts/enc/dvips/fontawesome/fontawesometwo.enc}</Users/jakobsverrealexandersen/Library/Application Support/MiKTeX/texmfs/install/fonts/type1/public/fontawesome/FontAwesome.pfb></Users/jakobsverrealexandersen/Library/Application Support/MiKTeX/texmfs/install/fonts/type1/public/amsfonts/cm/cmbx10.pfb></Users/jakobsverrealexandersen/Library/Application Support/MiKTeX/texmfs/install/fonts/type1/public/amsfonts/cm/cmbx12.pfb></Users/jakobsverrealexandersen/Library/Application Support/MiKTeX/texmfs/install/fonts/type1/public/amsfonts/cm/cmmi10.pfb></Users/jakobsverrealexandersen/Library/Application Support/MiKTeX/texmfs/install/fonts/type1/public/amsfonts/cm/cmmi7.pfb></Users/jakobsverrealexandersen/Library/Application Support/MiKTeX/texmfs/install/fonts/type1/public/amsfonts/cm/cmr10.pfb></Users/jakobsverrealexandersen/Library/Application Support/MiKTeX/texmfs/install/fonts/type1/public/amsfonts/cm/cmr12.pfb></Users/jakobsverrealexandersen/Library/Application Support/MiKTeX/texmfs/install/fonts/type1/public/amsfonts/cm/cmr17.pfb></Users/jakobsverrealexandersen/Library/Application Support/MiKTeX/texmfs/install/fonts/type1/public/amsfonts/cm/cmr7.pfb></Users/jakobsverrealexandersen/Library/Application Support/MiKTeX/texmfs/install/fonts/type1/public/amsfonts/cm/cmsy10.pfb></Users/jakobsverrealexandersen/Library/Application Support/MiKTeX/texmfs/install/fonts/type1/public/amsfonts/cm/cmtt10.pfb>
Output written on report.pdf (10 pages, 2019350 bytes).
PDF statistics:
 155 PDF objects out of 1000 (max. 8388607)
 39 named destinations out of 1000 (max. 500000)
 26 words of extra memory for PDF output out of 10000 (max. 10000000)

